<?xml version="1.0" encoding="UTF-8"?>
<testng-results skipped="0" failed="0" total="5" passed="5">
  <reporter-output>
  </reporter-output>
  <suite name="Command line suite" duration-ms="17953" started-at="2017-07-19T13:15:51Z" finished-at="2017-07-19T13:16:09Z">
    <groups>
      <group name="SUV">
        <method signature="TestNG_Grouping.BMWX3()[pri:0, instance:com.expedia.flightsbooking.TestNG_Grouping@1efbd816]" name="BMWX3" class="com.expedia.flightsbooking.TestNG_Grouping"/>
      </group> <!-- SUV -->
      <group name="Audi">
        <method signature="TestNG_Grouping.AudiA6()[pri:0, instance:com.expedia.flightsbooking.TestNG_Grouping@1efbd816]" name="AudiA6" class="com.expedia.flightsbooking.TestNG_Grouping"/>
      </group> <!-- Audi -->
      <group name="BMW">
        <method signature="TestNG_Grouping.BMW3Series()[pri:0, instance:com.expedia.flightsbooking.TestNG_Grouping@1efbd816]" name="BMW3Series" class="com.expedia.flightsbooking.TestNG_Grouping"/>
        <method signature="TestNG_Grouping.BMWX3()[pri:0, instance:com.expedia.flightsbooking.TestNG_Grouping@1efbd816]" name="BMWX3" class="com.expedia.flightsbooking.TestNG_Grouping"/>
      </group> <!-- BMW -->
      <group name="Sedan">
        <method signature="TestNG_Grouping.AudiA6()[pri:0, instance:com.expedia.flightsbooking.TestNG_Grouping@1efbd816]" name="AudiA6" class="com.expedia.flightsbooking.TestNG_Grouping"/>
        <method signature="TestNG_Grouping.BMW3Series()[pri:0, instance:com.expedia.flightsbooking.TestNG_Grouping@1efbd816]" name="BMW3Series" class="com.expedia.flightsbooking.TestNG_Grouping"/>
        <method signature="TestNG_Grouping.HondaAccord()[pri:0, instance:com.expedia.flightsbooking.TestNG_Grouping@1efbd816]" name="HondaAccord" class="com.expedia.flightsbooking.TestNG_Grouping"/>
      </group> <!-- Sedan -->
      <group name="Honda">
        <method signature="TestNG_Grouping.HondaAccord()[pri:0, instance:com.expedia.flightsbooking.TestNG_Grouping@1efbd816]" name="HondaAccord" class="com.expedia.flightsbooking.TestNG_Grouping"/>
      </group> <!-- Honda -->
    </groups>
    <test name="Command line test" duration-ms="17953" started-at="2017-07-19T13:15:51Z" finished-at="2017-07-19T13:16:09Z">
      <class name="com.expedia.flightsbooking.TestNG_Grouping">
        <test-method status="PASS" signature="beforeClass()[pri:0, instance:com.expedia.flightsbooking.TestNG_Grouping@1efbd816]" name="beforeClass" is-config="true" duration-ms="6" started-at="2017-07-19T15:15:51Z" finished-at="2017-07-19T15:15:51Z">
          <reporter-output>
          </reporter-output>
        </test-method> <!-- beforeClass -->
        <test-method status="PASS" signature="beforeMethod()[pri:0, instance:com.expedia.flightsbooking.TestNG_Grouping@1efbd816]" name="beforeMethod" is-config="true" duration-ms="0" started-at="2017-07-19T15:15:51Z" finished-at="2017-07-19T15:15:51Z">
          <reporter-output>
          </reporter-output>
        </test-method> <!-- beforeMethod -->
        <test-method status="PASS" signature="AudiA6()[pri:0, instance:com.expedia.flightsbooking.TestNG_Grouping@1efbd816]" name="AudiA6" duration-ms="1" started-at="2017-07-19T15:15:51Z" finished-at="2017-07-19T15:15:51Z">
          <reporter-output>
          </reporter-output>
        </test-method> <!-- AudiA6 -->
        <test-method status="PASS" signature="afterMethod()[pri:0, instance:com.expedia.flightsbooking.TestNG_Grouping@1efbd816]" name="afterMethod" is-config="true" duration-ms="0" started-at="2017-07-19T15:15:51Z" finished-at="2017-07-19T15:15:51Z">
          <reporter-output>
          </reporter-output>
        </test-method> <!-- afterMethod -->
        <test-method status="PASS" signature="beforeMethod()[pri:0, instance:com.expedia.flightsbooking.TestNG_Grouping@1efbd816]" name="beforeMethod" is-config="true" duration-ms="0" started-at="2017-07-19T15:15:51Z" finished-at="2017-07-19T15:15:51Z">
          <reporter-output>
          </reporter-output>
        </test-method> <!-- beforeMethod -->
        <test-method status="PASS" signature="afterMethod()[pri:0, instance:com.expedia.flightsbooking.TestNG_Grouping@1efbd816]" name="afterMethod" is-config="true" duration-ms="1" started-at="2017-07-19T15:15:51Z" finished-at="2017-07-19T15:15:51Z">
          <reporter-output>
          </reporter-output>
        </test-method> <!-- afterMethod -->
        <test-method status="PASS" signature="BMW3Series()[pri:0, instance:com.expedia.flightsbooking.TestNG_Grouping@1efbd816]" name="BMW3Series" duration-ms="0" started-at="2017-07-19T15:15:51Z" finished-at="2017-07-19T15:15:51Z">
          <reporter-output>
          </reporter-output>
        </test-method> <!-- BMW3Series -->
        <test-method status="PASS" signature="beforeMethod()[pri:0, instance:com.expedia.flightsbooking.TestNG_Grouping@1efbd816]" name="beforeMethod" is-config="true" duration-ms="0" started-at="2017-07-19T15:15:51Z" finished-at="2017-07-19T15:15:51Z">
          <reporter-output>
          </reporter-output>
        </test-method> <!-- beforeMethod -->
        <test-method status="PASS" signature="BMWX3()[pri:0, instance:com.expedia.flightsbooking.TestNG_Grouping@1efbd816]" name="BMWX3" duration-ms="0" started-at="2017-07-19T15:15:51Z" finished-at="2017-07-19T15:15:51Z">
          <reporter-output>
          </reporter-output>
        </test-method> <!-- BMWX3 -->
        <test-method status="PASS" signature="afterMethod()[pri:0, instance:com.expedia.flightsbooking.TestNG_Grouping@1efbd816]" name="afterMethod" is-config="true" duration-ms="0" started-at="2017-07-19T15:15:51Z" finished-at="2017-07-19T15:15:51Z">
          <reporter-output>
          </reporter-output>
        </test-method> <!-- afterMethod -->
        <test-method status="PASS" signature="HondaAccord()[pri:0, instance:com.expedia.flightsbooking.TestNG_Grouping@1efbd816]" name="HondaAccord" duration-ms="0" started-at="2017-07-19T15:15:51Z" finished-at="2017-07-19T15:15:51Z">
          <reporter-output>
          </reporter-output>
        </test-method> <!-- HondaAccord -->
        <test-method status="PASS" signature="afterClass()[pri:0, instance:com.expedia.flightsbooking.TestNG_Grouping@1efbd816]" name="afterClass" is-config="true" duration-ms="1" started-at="2017-07-19T15:15:51Z" finished-at="2017-07-19T15:15:51Z">
          <reporter-output>
          </reporter-output>
        </test-method> <!-- afterClass -->
        <test-method status="PASS" signature="afterMethod()[pri:0, instance:com.expedia.flightsbooking.TestNG_Grouping@1efbd816]" name="afterMethod" is-config="true" duration-ms="0" started-at="2017-07-19T15:15:51Z" finished-at="2017-07-19T15:15:51Z">
          <reporter-output>
          </reporter-output>
        </test-method> <!-- afterMethod -->
        <test-method status="PASS" signature="beforeMethod()[pri:0, instance:com.expedia.flightsbooking.TestNG_Grouping@1efbd816]" name="beforeMethod" is-config="true" duration-ms="0" started-at="2017-07-19T15:15:51Z" finished-at="2017-07-19T15:15:51Z">
          <reporter-output>
          </reporter-output>
        </test-method> <!-- beforeMethod -->
      </class> <!-- com.expedia.flightsbooking.TestNG_Grouping -->
      <class name="com.expedia.flightsbooking.TestNG_TestSuite">
        <test-method status="PASS" signature="beforeClass()[pri:0, instance:com.expedia.flightsbooking.TestNG_TestSuite@5cc7c2a6]" name="beforeClass" is-config="true" duration-ms="11208" started-at="2017-07-19T15:15:51Z" finished-at="2017-07-19T15:16:02Z">
          <reporter-output>
          </reporter-output>
        </test-method> <!-- beforeClass -->
        <test-method status="PASS" signature="fillBasicInfo()[pri:0, instance:com.expedia.flightsbooking.TestNG_TestSuite@5cc7c2a6]" name="fillBasicInfo" duration-ms="5457" started-at="2017-07-19T15:16:02Z" finished-at="2017-07-19T15:16:08Z">
          <reporter-output>
          </reporter-output>
        </test-method> <!-- fillBasicInfo -->
        <test-method status="PASS" signature="afterClass()[pri:0, instance:com.expedia.flightsbooking.TestNG_TestSuite@5cc7c2a6]" name="afterClass" is-config="true" duration-ms="1269" started-at="2017-07-19T15:16:08Z" finished-at="2017-07-19T15:16:09Z">
          <reporter-output>
          </reporter-output>
        </test-method> <!-- afterClass -->
      </class> <!-- com.expedia.flightsbooking.TestNG_TestSuite -->
    </test> <!-- Command line test -->
  </suite> <!-- Command line suite -->
</testng-results>
