<?xml version="1.0" encoding="UTF-8"?>
<testng-results skipped="0" failed="0" total="4" passed="4">
  <reporter-output>
  </reporter-output>
  <suite name="TestSuite" duration-ms="38" started-at="2017-07-19T07:43:41Z" finished-at="2017-07-19T07:43:41Z">
    <groups>
      <group name="SUV">
        <method signature="TestNG_Grouping.BMWX3()[pri:0, instance:com.expedia.flightsbooking.TestNG_Grouping@46d56d67]" name="BMWX3" class="com.expedia.flightsbooking.TestNG_Grouping"/>
      </group> <!-- SUV -->
      <group name="Audi">
        <method signature="TestNG_Grouping.AudiA6()[pri:0, instance:com.expedia.flightsbooking.TestNG_Grouping@46d56d67]" name="AudiA6" class="com.expedia.flightsbooking.TestNG_Grouping"/>
      </group> <!-- Audi -->
      <group name="BMW">
        <method signature="TestNG_Grouping.BMW3Series()[pri:0, instance:com.expedia.flightsbooking.TestNG_Grouping@46d56d67]" name="BMW3Series" class="com.expedia.flightsbooking.TestNG_Grouping"/>
        <method signature="TestNG_Grouping.BMWX3()[pri:0, instance:com.expedia.flightsbooking.TestNG_Grouping@46d56d67]" name="BMWX3" class="com.expedia.flightsbooking.TestNG_Grouping"/>
      </group> <!-- BMW -->
      <group name="Sedan">
        <method signature="TestNG_Grouping.AudiA6()[pri:0, instance:com.expedia.flightsbooking.TestNG_Grouping@46d56d67]" name="AudiA6" class="com.expedia.flightsbooking.TestNG_Grouping"/>
        <method signature="TestNG_Grouping.BMW3Series()[pri:0, instance:com.expedia.flightsbooking.TestNG_Grouping@46d56d67]" name="BMW3Series" class="com.expedia.flightsbooking.TestNG_Grouping"/>
        <method signature="TestNG_Grouping.HondaAccord()[pri:0, instance:com.expedia.flightsbooking.TestNG_Grouping@46d56d67]" name="HondaAccord" class="com.expedia.flightsbooking.TestNG_Grouping"/>
      </group> <!-- Sedan -->
      <group name="Honda">
        <method signature="TestNG_Grouping.HondaAccord()[pri:0, instance:com.expedia.flightsbooking.TestNG_Grouping@46d56d67]" name="HondaAccord" class="com.expedia.flightsbooking.TestNG_Grouping"/>
      </group> <!-- Honda -->
    </groups>
    <test name="ExpediaSearchPage" duration-ms="38" started-at="2017-07-19T07:43:41Z" finished-at="2017-07-19T07:43:41Z">
      <class name="com.expedia.flightsbooking.TestNG_Grouping">
        <test-method status="PASS" signature="beforeMethod()[pri:0, instance:com.expedia.flightsbooking.TestNG_Grouping@46d56d67]" name="beforeMethod" is-config="true" duration-ms="5" started-at="2017-07-19T09:43:41Z" finished-at="2017-07-19T09:43:41Z">
          <reporter-output>
          </reporter-output>
        </test-method> <!-- beforeMethod -->
        <test-method status="PASS" signature="AudiA6()[pri:0, instance:com.expedia.flightsbooking.TestNG_Grouping@46d56d67]" name="AudiA6" duration-ms="5" started-at="2017-07-19T09:43:41Z" finished-at="2017-07-19T09:43:41Z">
          <reporter-output>
          </reporter-output>
        </test-method> <!-- AudiA6 -->
        <test-method status="PASS" signature="beforeMethod()[pri:0, instance:com.expedia.flightsbooking.TestNG_Grouping@46d56d67]" name="beforeMethod" is-config="true" duration-ms="1" started-at="2017-07-19T09:43:41Z" finished-at="2017-07-19T09:43:41Z">
          <reporter-output>
          </reporter-output>
        </test-method> <!-- beforeMethod -->
        <test-method status="PASS" signature="BMW3Series()[pri:0, instance:com.expedia.flightsbooking.TestNG_Grouping@46d56d67]" name="BMW3Series" duration-ms="2" started-at="2017-07-19T09:43:41Z" finished-at="2017-07-19T09:43:41Z">
          <reporter-output>
          </reporter-output>
        </test-method> <!-- BMW3Series -->
        <test-method status="PASS" signature="BMWX3()[pri:0, instance:com.expedia.flightsbooking.TestNG_Grouping@46d56d67]" name="BMWX3" duration-ms="2" started-at="2017-07-19T09:43:41Z" finished-at="2017-07-19T09:43:41Z">
          <reporter-output>
          </reporter-output>
        </test-method> <!-- BMWX3 -->
        <test-method status="PASS" signature="beforeMethod()[pri:0, instance:com.expedia.flightsbooking.TestNG_Grouping@46d56d67]" name="beforeMethod" is-config="true" duration-ms="0" started-at="2017-07-19T09:43:41Z" finished-at="2017-07-19T09:43:41Z">
          <reporter-output>
          </reporter-output>
        </test-method> <!-- beforeMethod -->
        <test-method status="PASS" signature="HondaAccord()[pri:0, instance:com.expedia.flightsbooking.TestNG_Grouping@46d56d67]" name="HondaAccord" duration-ms="2" started-at="2017-07-19T09:43:41Z" finished-at="2017-07-19T09:43:41Z">
          <reporter-output>
          </reporter-output>
        </test-method> <!-- HondaAccord -->
        <test-method status="PASS" signature="beforeMethod()[pri:0, instance:com.expedia.flightsbooking.TestNG_Grouping@46d56d67]" name="beforeMethod" is-config="true" duration-ms="0" started-at="2017-07-19T09:43:41Z" finished-at="2017-07-19T09:43:41Z">
          <reporter-output>
          </reporter-output>
        </test-method> <!-- beforeMethod -->
      </class> <!-- com.expedia.flightsbooking.TestNG_Grouping -->
    </test> <!-- ExpediaSearchPage -->
  </suite> <!-- TestSuite -->
</testng-results>
